<?xml version="1.0" encoding="UTF-8"?>
<!-- Generated by org.testng.reporters.JUnitXMLReporter -->
<testsuite hostname="LAPTOP-12QPG602" ignored="2" name="Test" tests="4" failures="0" timestamp="30 Apr 2021 09:33:25 GMT" time="22.324" errors="0">
  <testcase name="logintestcase" time="7.665" classname="base.Login"/>
  <testcase name="personalDetailsForm" time="1.625" classname="myinfo.PersonalDetails"/>
  <testcase name="logout" time="5.992" classname="base.Login"/>
  <testcase name="invalidLogin" time="2.766" classname="base.Login"/>
  <testcase name="@AfterSuite closeBrowser" time="0.0" classname="base.LaunchBrowser">
    <ignored/>
  </testcase> <!-- @AfterSuite closeBrowser -->
  <testcase name="@BeforeSuite initBrowser" time="0.0" classname="base.LaunchBrowser">
    <ignored/>
  </testcase> <!-- @BeforeSuite initBrowser -->
</testsuite> <!-- Test -->
